TN:
SF:pages\student\appointment\appointmentPure.js
FN:1,findFirstAvailableSlot
FN:2,(anonymous_1)
FN:5,getSlotsByDateStr
FN:7,(anonymous_3)
FN:12,repairSelectionState
FN:18,(anonymous_5)
FN:32,(anonymous_6)
FN:46,(anonymous_7)
FN:58,(anonymous_8)
FN:81,(anonymous_9)
FN:97,getNextNDays
FN:126,handleDateSelection
FN:144,(anonymous_12)
FN:159,enrichAvailableDatesWithSchedule
FN:160,(anonymous_14)
FN:162,(anonymous_15)
FN:165,(anonymous_16)
FN:174,buildConsultantAvailabilitySummary
FN:176,(anonymous_18)
FN:179,(anonymous_19)
FN:180,(anonymous_20)
FNF:21
FNH:20
FNDA:24,findFirstAvailableSlot
FNDA:41,(anonymous_1)
FNDA:21,getSlotsByDateStr
FNDA:27,(anonymous_3)
FNDA:14,repairSelectionState
FNDA:19,(anonymous_5)
FNDA:0,(anonymous_6)
FNDA:16,(anonymous_7)
FNDA:16,(anonymous_8)
FNDA:12,(anonymous_9)
FNDA:12,getNextNDays
FNDA:7,handleDateSelection
FNDA:10,(anonymous_12)
FNDA:24,enrichAvailableDatesWithSchedule
FNDA:69,(anonymous_14)
FNDA:87,(anonymous_15)
FNDA:72,(anonymous_16)
FNDA:3,buildConsultantAvailabilitySummary
FNDA:5,(anonymous_18)
FNDA:5,(anonymous_19)
FNDA:15,(anonymous_20)
DA:2,41
DA:6,21
DA:7,27
DA:9,21
DA:13,14
DA:14,14
DA:15,14
DA:17,14
DA:18,19
DA:20,14
DA:21,1
DA:24,13
DA:25,1
DA:26,1
DA:27,1
DA:28,1
DA:30,1
DA:31,0
DA:32,0
DA:34,0
DA:35,0
DA:36,0
DA:37,0
DA:40,1
DA:43,1
DA:46,16
DA:48,12
DA:51,12
DA:52,7
DA:53,7
DA:54,7
DA:56,7
DA:57,6
DA:58,16
DA:60,6
DA:61,2
DA:62,4
DA:63,3
DA:64,3
DA:67,1
DA:70,5
DA:71,5
DA:72,5
DA:76,5
DA:77,5
DA:79,5
DA:80,5
DA:81,12
DA:83,5
DA:84,3
DA:85,2
DA:86,2
DA:87,2
DA:90,0
DA:94,12
DA:98,12
DA:99,12
DA:100,12
DA:101,12
DA:103,12
DA:104,47
DA:105,47
DA:107,47
DA:108,47
DA:109,29
DA:110,29
DA:111,29
DA:112,29
DA:114,29
DA:121,47
DA:123,12
DA:127,7
DA:128,7
DA:129,1
DA:132,6
DA:133,1
DA:136,5
DA:137,5
DA:139,5
DA:140,5
DA:142,5
DA:143,4
DA:144,10
DA:146,4
DA:147,2
DA:148,2
DA:149,1
DA:150,1
DA:153,1
DA:156,5
DA:160,24
DA:161,69
DA:162,87
DA:164,69
DA:165,72
DA:167,69
DA:168,69
DA:169,69
DA:170,69
DA:175,3
DA:176,5
DA:177,3
DA:179,3
DA:180,15
DA:181,5
DA:189,3
DA:197,1
LF:107
LH:100
BRDA:2,0,0,24
BRDA:2,0,1,2
BRDA:6,1,0,21
BRDA:6,1,1,1
BRDA:9,2,0,19
BRDA:9,2,1,2
BRDA:9,3,0,19
BRDA:9,3,1,0
BRDA:18,4,0,19
BRDA:18,4,1,7
BRDA:20,5,0,1
BRDA:20,5,1,13
BRDA:24,6,0,1
BRDA:24,6,1,12
BRDA:30,7,0,0
BRDA:30,7,1,1
BRDA:32,8,0,0
BRDA:32,8,1,0
BRDA:34,9,0,0
BRDA:34,9,1,0
BRDA:36,10,0,0
BRDA:36,10,1,0
BRDA:48,11,0,12
BRDA:48,11,1,10
BRDA:48,11,2,4
BRDA:51,12,0,7
BRDA:51,12,1,5
BRDA:56,13,0,6
BRDA:56,13,1,1
BRDA:58,14,0,16
BRDA:58,14,1,5
BRDA:60,15,0,2
BRDA:60,15,1,4
BRDA:62,16,0,3
BRDA:62,16,1,1
BRDA:79,17,0,5
BRDA:79,17,1,0
BRDA:81,18,0,12
BRDA:81,18,1,5
BRDA:83,19,0,3
BRDA:83,19,1,2
BRDA:85,20,0,2
BRDA:85,20,1,0
BRDA:97,21,0,0
BRDA:108,22,0,29
BRDA:108,22,1,18
BRDA:108,23,0,47
BRDA:108,23,1,38
BRDA:116,24,0,2
BRDA:116,24,1,27
BRDA:117,25,0,29
BRDA:117,25,1,0
BRDA:117,26,0,2
BRDA:117,26,1,27
BRDA:128,27,0,1
BRDA:128,27,1,6
BRDA:132,28,0,1
BRDA:132,28,1,5
BRDA:132,29,0,6
BRDA:132,29,1,2
BRDA:142,30,0,4
BRDA:142,30,1,1
BRDA:144,31,0,10
BRDA:144,31,1,4
BRDA:146,32,0,2
BRDA:146,32,1,2
BRDA:148,33,0,1
BRDA:148,33,1,1
BRDA:161,34,0,69
BRDA:161,34,1,0
BRDA:164,35,0,35
BRDA:164,35,1,34
BRDA:167,36,0,35
BRDA:167,36,1,34
BRDA:168,37,0,35
BRDA:168,37,1,34
BRDA:169,38,0,35
BRDA:169,38,1,34
BRDA:175,39,0,3
BRDA:175,39,1,0
BRDA:177,40,0,3
BRDA:177,40,1,2
BRDA:180,41,0,5
BRDA:180,41,1,0
BRDA:182,42,0,5
BRDA:182,42,1,0
BRDA:185,43,0,5
BRDA:185,43,1,0
BRF:88
BRH:71
end_of_record
TN:
SF:utils\auth.js
FN:3,checkLogin
FN:11,(anonymous_1)
FNF:2
FNH:0
FNDA:0,checkLogin
FNDA:0,(anonymous_1)
DA:4,0
DA:5,0
DA:6,0
DA:7,0
DA:8,0
DA:9,0
DA:10,0
DA:11,0
DA:13,0
DA:14,0
DA:16,0
DA:17,0
DA:19,0
LF:13
LH:0
BRDA:5,0,0,0
BRDA:5,0,1,0
BRDA:8,1,0,0
BRDA:8,1,1,0
BRDA:9,2,0,0
BRDA:9,2,1,0
BRDA:13,3,0,0
BRDA:13,3,1,0
BRF:8
BRH:0
end_of_record
TN:
SF:utils\constants.js
FN:85,getResultLabelByScore
FN:88,(anonymous_1)
FN:93,getResultConfigByScore
FNF:3
FNH:0
FNDA:0,getResultLabelByScore
FNDA:0,(anonymous_1)
FNDA:0,getResultConfigByScore
DA:1,0
DA:28,0
DA:38,0
DA:47,0
DA:55,0
DA:61,0
DA:86,0
DA:87,0
DA:88,0
DA:90,0
DA:94,0
DA:95,0
LF:12
LH:0
BRDA:88,0,0,0
BRDA:88,0,1,0
BRDA:90,1,0,0
BRDA:90,1,1,0
BRF:4
BRH:0
end_of_record
TN:
SF:utils\middleware.js
FN:12,(anonymous_0)
FN:14,(anonymous_1)
FN:50,(anonymous_2)
FN:61,_stringifyOptions
FN:64,(anonymous_4)
FNF:5
FNH:0
FNDA:0,(anonymous_0)
FNDA:0,(anonymous_1)
FNDA:0,(anonymous_2)
FNDA:0,_stringifyOptions
FNDA:0,(anonymous_4)
DA:12,0
DA:13,0
DA:14,0
DA:15,0
DA:16,0
DA:18,0
DA:20,0
DA:21,0
DA:24,0
DA:28,0
DA:29,0
DA:32,0
DA:33,0
DA:34,0
DA:35,0
DA:36,0
DA:37,0
DA:40,0
DA:41,0
DA:44,0
DA:45,0
DA:49,0
DA:50,0
DA:51,0
DA:53,0
DA:54,0
DA:58,0
DA:62,0
DA:63,0
DA:64,0
DA:66,0
LF:31
LH:0
BRDA:22,0,0,0
BRDA:22,0,1,0
BRDA:25,1,0,0
BRDA:25,1,1,0
BRDA:28,2,0,0
BRDA:28,2,1,0
BRDA:32,3,0,0
BRDA:32,3,1,0
BRDA:35,4,0,0
BRDA:35,4,1,0
BRDA:36,5,0,0
BRDA:36,5,1,0
BRDA:44,6,0,0
BRDA:44,6,1,0
BRDA:53,7,0,0
BRDA:53,7,1,0
BRDA:62,8,0,0
BRDA:62,8,1,0
BRDA:66,9,0,0
BRDA:66,9,1,0
BRF:20
BRH:0
end_of_record
TN:
SF:utils\router.js
FN:106,(anonymous_0)
FN:110,(anonymous_1)
FN:116,(anonymous_2)
FN:119,(anonymous_3)
FN:122,(anonymous_4)
FN:130,(anonymous_5)
FN:135,(anonymous_6)
FN:145,(anonymous_7)
FN:155,(anonymous_8)
FN:164,(anonymous_9)
FN:167,(anonymous_10)
FN:185,(anonymous_11)
FN:193,(anonymous_12)
FN:207,(anonymous_13)
FN:211,(anonymous_14)
FN:222,(anonymous_15)
FN:233,(anonymous_16)
FN:245,(anonymous_17)
FN:256,(anonymous_18)
FN:267,(anonymous_19)
FN:278,(anonymous_20)
FN:282,(anonymous_21)
FN:295,(anonymous_22)
FN:306,(anonymous_23)
FN:317,(anonymous_24)
FN:332,(anonymous_25)
FN:337,(anonymous_26)
FNF:27
FNH:0
FNDA:0,(anonymous_0)
FNDA:0,(anonymous_1)
FNDA:0,(anonymous_2)
FNDA:0,(anonymous_3)
FNDA:0,(anonymous_4)
FNDA:0,(anonymous_5)
FNDA:0,(anonymous_6)
FNDA:0,(anonymous_7)
FNDA:0,(anonymous_8)
FNDA:0,(anonymous_9)
FNDA:0,(anonymous_10)
FNDA:0,(anonymous_11)
FNDA:0,(anonymous_12)
FNDA:0,(anonymous_13)
FNDA:0,(anonymous_14)
FNDA:0,(anonymous_15)
FNDA:0,(anonymous_16)
FNDA:0,(anonymous_17)
FNDA:0,(anonymous_18)
FNDA:0,(anonymous_19)
FNDA:0,(anonymous_20)
FNDA:0,(anonymous_21)
FNDA:0,(anonymous_22)
FNDA:0,(anonymous_23)
FNDA:0,(anonymous_24)
FNDA:0,(anonymous_25)
FNDA:0,(anonymous_26)
DA:24,0
DA:26,0
DA:28,0
DA:107,0
DA:111,0
DA:117,0
DA:118,0
DA:119,0
DA:123,0
DA:124,0
DA:126,0
DA:131,0
DA:132,0
DA:136,0
DA:137,0
DA:138,0
DA:140,0
DA:146,0
DA:147,0
DA:148,0
DA:149,0
DA:151,0
DA:162,0
DA:164,0
DA:165,0
DA:166,0
DA:167,0
DA:168,0
DA:169,0
DA:170,0
DA:171,0
DA:175,0
DA:176,0
DA:178,0
DA:181,0
DA:182,0
DA:185,0
DA:186,0
DA:187,0
DA:189,0
DA:190,0
DA:193,0
DA:194,0
DA:195,0
DA:197,0
DA:198,0
DA:201,0
DA:203,0
DA:208,0
DA:212,0
DA:213,0
DA:214,0
DA:216,0
DA:217,0
DA:218,0
DA:220,0
DA:221,0
DA:222,0
DA:223,0
DA:226,0
DA:227,0
DA:230,0
DA:234,0
DA:235,0
DA:236,0
DA:237,0
DA:239,0
DA:240,0
DA:241,0
DA:243,0
DA:244,0
DA:245,0
DA:246,0
DA:249,0
DA:250,0
DA:253,0
DA:257,0
DA:258,0
DA:259,0
DA:261,0
DA:262,0
DA:263,0
DA:265,0
DA:266,0
DA:267,0
DA:268,0
DA:271,0
DA:272,0
DA:275,0
DA:279,0
DA:283,0
DA:284,0
DA:285,0
DA:286,0
DA:287,0
DA:288,0
DA:289,0
DA:290,0
DA:292,0
DA:296,0
DA:297,0
DA:298,0
DA:300,0
DA:301,0
DA:302,0
DA:304,0
DA:305,0
DA:306,0
DA:307,0
DA:310,0
DA:311,0
DA:314,0
DA:318,0
DA:319,0
DA:320,0
DA:321,0
DA:322,0
DA:323,0
DA:325,0
DA:328,0
DA:329,0
DA:333,0
DA:334,0
DA:335,0
DA:337,0
DA:338,0
DA:339,0
DA:340,0
DA:342,0
DA:343,0
DA:345,0
DA:346,0
DA:348,0
DA:349,0
DA:351,0
DA:352,0
DA:355,0
LF:137
LH:0
BRDA:107,0,0,0
BRDA:107,0,1,0
BRDA:111,1,0,0
BRDA:111,1,1,0
BRDA:124,2,0,0
BRDA:124,2,1,0
BRDA:131,3,0,0
BRDA:131,3,1,0
BRDA:137,4,0,0
BRDA:137,4,1,0
BRDA:147,5,0,0
BRDA:147,5,1,0
BRDA:155,6,0,0
BRDA:168,7,0,0
BRDA:168,7,1,0
BRDA:170,8,0,0
BRDA:170,8,1,0
BRDA:175,9,0,0
BRDA:175,9,1,0
BRDA:176,10,0,0
BRDA:176,10,1,0
BRDA:181,11,0,0
BRDA:181,11,1,0
BRDA:181,12,0,0
BRDA:181,12,1,0
BRDA:186,13,0,0
BRDA:186,13,1,0
BRDA:194,14,0,0
BRDA:194,14,1,0
BRDA:216,15,0,0
BRDA:216,15,1,0
BRDA:217,16,0,0
BRDA:217,16,1,0
BRDA:226,17,0,0
BRDA:226,17,1,0
BRDA:239,18,0,0
BRDA:239,18,1,0
BRDA:240,19,0,0
BRDA:240,19,1,0
BRDA:249,20,0,0
BRDA:249,20,1,0
BRDA:261,21,0,0
BRDA:261,21,1,0
BRDA:262,22,0,0
BRDA:262,22,1,0
BRDA:271,23,0,0
BRDA:271,23,1,0
BRDA:282,24,0,0
BRDA:282,25,0,0
BRDA:285,26,0,0
BRDA:285,26,1,0
BRDA:287,27,0,0
BRDA:287,27,1,0
BRDA:288,28,0,0
BRDA:288,28,1,0
BRDA:288,29,0,0
BRDA:288,29,1,0
BRDA:289,30,0,0
BRDA:289,30,1,0
BRDA:290,31,0,0
BRDA:290,31,1,0
BRDA:300,32,0,0
BRDA:300,32,1,0
BRDA:301,33,0,0
BRDA:301,33,1,0
BRDA:310,34,0,0
BRDA:310,34,1,0
BRDA:319,35,0,0
BRDA:319,35,1,0
BRDA:321,36,0,0
BRDA:321,36,1,0
BRDA:322,37,0,0
BRDA:322,37,1,0
BRDA:333,38,0,0
BRDA:333,38,1,0
BRDA:333,39,0,0
BRDA:333,39,1,0
BRDA:335,40,0,0
BRDA:335,40,1,0
BRDA:340,41,0,0
BRDA:340,41,1,0
BRDA:343,42,0,0
BRDA:343,42,1,0
BRDA:348,43,0,0
BRDA:348,43,1,0
BRDA:351,44,0,0
BRDA:351,44,1,0
BRF:87
BRH:0
end_of_record
TN:
SF:utils\routerPure.js
FN:58,cleanPath
FN:63,normalizePath
FN:69,getQueryString
FN:74,isTabPage
FN:78,checkAccess
FN:123,_normalizeArgs
FN:134,buildGuardError
FN:144,invokeCallbacks
FN:147,(anonymous_8)
FNF:9
FNH:9
FNDA:34,cleanPath
FNDA:11,normalizePath
FNDA:2,getQueryString
FNDA:6,isTabPage
FNDA:28,checkAccess
FNDA:3,_normalizeArgs
FNDA:1,buildGuardError
FNDA:4,invokeCallbacks
FNDA:4,(anonymous_8)
DA:1,1
DA:42,1
DA:48,1
DA:50,1
DA:59,34
DA:60,30
DA:64,11
DA:65,8
DA:66,8
DA:70,2
DA:71,2
DA:75,6
DA:79,28
DA:81,28
DA:82,1
DA:85,27
DA:87,27
DA:88,2
DA:91,25
DA:93,25
DA:94,2
DA:101,23
DA:102,4
DA:105,19
DA:106,19
DA:107,3
DA:109,16
DA:112,19
DA:113,7
DA:116,12
DA:124,3
DA:125,1
DA:127,2
DA:128,1
DA:129,1
DA:131,1
DA:135,1
DA:145,4
DA:146,4
DA:147,4
DA:148,4
DA:149,4
DA:150,4
DA:151,4
DA:154,4
DA:155,1
DA:156,1
DA:158,1
DA:160,3
DA:161,2
DA:163,3
DA:167,1
LF:52
LH:52
BRDA:59,0,0,4
BRDA:59,0,1,30
BRDA:64,1,0,3
BRDA:64,1,1,8
BRDA:66,2,0,5
BRDA:66,2,1,3
BRDA:71,3,0,1
BRDA:71,3,1,1
BRDA:78,4,0,26
BRDA:78,5,0,26
BRDA:78,6,0,28
BRDA:81,7,0,1
BRDA:81,7,1,27
BRDA:87,8,0,2
BRDA:87,8,1,25
BRDA:87,9,0,27
BRDA:87,9,1,26
BRDA:93,10,0,2
BRDA:93,10,1,23
BRDA:101,11,0,4
BRDA:101,11,1,19
BRDA:106,12,0,3
BRDA:106,12,1,16
BRDA:112,13,0,7
BRDA:112,13,1,12
BRDA:119,14,0,12
BRDA:119,14,1,1
BRDA:124,15,0,1
BRDA:124,15,1,2
BRDA:125,16,0,1
BRDA:125,16,1,0
BRDA:127,17,0,1
BRDA:127,17,1,1
BRDA:127,18,0,2
BRDA:127,18,1,1
BRDA:127,18,2,1
BRDA:129,19,0,1
BRDA:129,19,1,1
BRDA:131,20,0,1
BRDA:131,20,1,0
BRDA:145,21,0,4
BRDA:145,21,1,0
BRDA:148,22,0,0
BRDA:148,22,1,4
BRDA:150,23,0,4
BRDA:150,23,1,0
BRDA:154,24,0,1
BRDA:154,24,1,3
BRDA:155,25,0,1
BRDA:155,25,1,0
BRDA:160,26,0,2
BRDA:160,26,1,1
BRF:52
BRH:46
end_of_record
TN:
SF:utils\util.js
FN:10,(anonymous_0)
FN:25,(anonymous_1)
FNF:2
FNH:0
FNDA:0,(anonymous_0)
FNDA:0,(anonymous_1)
DA:10,0
DA:11,0
DA:12,0
DA:13,0
DA:14,0
DA:15,0
DA:16,0
DA:18,0
DA:25,0
DA:26,0
DA:27,0
LF:11
LH:0
BRDA:27,0,0,0
BRDA:27,0,1,0
BRF:2
BRH:0
end_of_record
